Traceback (most recent call last):
  File "/Users/mshira/Dropbox/2024æ•°ç†å·¥å­¦å®Ÿé¨“ï¼’/2024Shiraishi/.venv/lib/python3.12/site-packages/jupyter_cache/executors/utils.py", line 58, in single_nb_execution
    executenb(
  File "/Users/mshira/Dropbox/2024æ•°ç†å·¥å­¦å®Ÿé¨“ï¼’/2024Shiraishi/.venv/lib/python3.12/site-packages/nbclient/client.py", line 1314, in execute
    return NotebookClient(nb=nb, resources=resources, km=km, **kwargs).execute()
           ^^^^^^^^^^^^^^^^^^^^^^^^^^^^^^^^^^^^^^^^^^^^^^^^^^^^^^^^^^^^^^^^^^^^^
  File "/Users/mshira/Dropbox/2024æ•°ç†å·¥å­¦å®Ÿé¨“ï¼’/2024Shiraishi/.venv/lib/python3.12/site-packages/jupyter_core/utils/__init__.py", line 165, in wrapped
    return loop.run_until_complete(inner)
           ^^^^^^^^^^^^^^^^^^^^^^^^^^^^^^
  File "/opt/homebrew/Cellar/python@3.12/3.12.6/Frameworks/Python.framework/Versions/3.12/lib/python3.12/asyncio/base_events.py", line 687, in run_until_complete
    return future.result()
           ^^^^^^^^^^^^^^^
  File "/Users/mshira/Dropbox/2024æ•°ç†å·¥å­¦å®Ÿé¨“ï¼’/2024Shiraishi/.venv/lib/python3.12/site-packages/nbclient/client.py", line 709, in async_execute
    await self.async_execute_cell(
  File "/Users/mshira/Dropbox/2024æ•°ç†å·¥å­¦å®Ÿé¨“ï¼’/2024Shiraishi/.venv/lib/python3.12/site-packages/nbclient/client.py", line 1062, in async_execute_cell
    await self._check_raise_for_error(cell, cell_index, exec_reply)
  File "/Users/mshira/Dropbox/2024æ•°ç†å·¥å­¦å®Ÿé¨“ï¼’/2024Shiraishi/.venv/lib/python3.12/site-packages/nbclient/client.py", line 918, in _check_raise_for_error
    raise CellExecutionError.from_cell_and_msg(cell, exec_reply_content)
nbclient.exceptions.CellExecutionError: An error occurred while executing the following cell:
------------------
#ãƒ‹ãƒ¥ãƒ¼ãƒˆãƒ³æ³•1ï¼ˆnumpyé…åˆ—ã‚’ç”¨ã„ã‚‹ï¼‰
import numpy as np

epsilon=10e-6 #ç²¾åº¦ã®è¨­å®š
n_max=10 #æœ€å¤§ç¹°ã‚Šè¿”ã—å›æ•°ã®è¨­å®š
x_i=np.zeros(n_max+1) #1ã‚¹ãƒ†ãƒƒãƒ—æ¯ã®xã®å€¤
delta=np.abs(epsilon*100) # è§£ã®ç²¾åº¦ã®åˆæœŸå€¤x_(i+1)-x_(i)
x_i[0]=x_0 #åˆæœŸå€¤ã®è¨­å®š

n=0 #ã‚«ã‚¦ãƒ³ã‚¿å¤‰æ•°
while æ¡ä»¶ã®è¨­å®š: #åå¾©ã‚’è¡Œã†æ¡ä»¶ã®è¨­å®š
    ï¼ˆ1è¡Œç›®ï¼‰ã“ã®ãƒ–ãƒ­ãƒƒã‚¯ã«ã¤ã„ã¦ã¯è‡ªåˆ†ã§è€ƒãˆã‚‹
    ï¼ˆ2è¡Œç›®ï¼‰ã“ã®ãƒ–ãƒ­ãƒƒã‚¯ã«ã¤ã„ã¦ã¯è‡ªåˆ†ã§è€ƒãˆã‚‹
    n+=1
    print("x_i[{}]={:.12}, x_i[{}]={:.16}, delta={:.12}".format(n-1, x_i[n-1], n, x_i[n], delta))
if æ¡ä»¶ã®è¨­å®š: #è§£ã®ç²¾åº¦ã®è¨­å®š
    print("x={}".format(x_i[n]))
else:
    print("è§£ãªã—")

------------------


[0;36m  Cell [0;32mIn[1], line 12[0;36m[0m
[0;31m    ï¼ˆ1è¡Œç›®ï¼‰ã“ã®ãƒ–ãƒ­ãƒƒã‚¯ã«ã¤ã„ã¦ã¯è‡ªåˆ†ã§è€ƒãˆã‚‹[0m
[0m    ^[0m
[0;31mSyntaxError[0m[0;31m:[0m invalid character 'ï¼ˆ' (U+FF08)


